INFO [2020-11-17 17:16:27] Initialising estimates for: 9
INFO [2020-11-17 17:16:28] Initialising estimates for: 11
WARN [2020-11-17 17:18:01] 11 (chain: 1): Bulk Effective Samples Size (ESS) is too low, indicating posterior means and medians may be unreliable.
Running the chains for more iterations may help. See
http://mc-stan.org/misc/warnings.html#bulk-ess - 
WARN [2020-11-17 17:18:02] 11 (chain: 1): Tail Effective Samples Size (ESS) is too low, indicating posterior variances and tail quantiles may be unreliable.
Running the chains for more iterations may help. See
http://mc-stan.org/misc/warnings.html#tail-ess - 
WARN [2020-11-17 17:18:23] 9 (chain: 1): Bulk Effective Samples Size (ESS) is too low, indicating posterior means and medians may be unreliable.
Running the chains for more iterations may help. See
http://mc-stan.org/misc/warnings.html#bulk-ess - 
WARN [2020-11-17 17:18:24] 9 (chain: 1): Tail Effective Samples Size (ESS) is too low, indicating posterior variances and tail quantiles may be unreliable.
Running the chains for more iterations may help. See
http://mc-stan.org/misc/warnings.html#tail-ess - 
INFO [2020-11-17 17:18:33] Initialising estimates for: 9
INFO [2020-11-17 17:18:33] Initialising estimates for: 11
WARN [2020-11-17 17:19:19] 11 (chain: 1): Bulk Effective Samples Size (ESS) is too low, indicating posterior means and medians may be unreliable.
Running the chains for more iterations may help. See
http://mc-stan.org/misc/warnings.html#bulk-ess - 
WARN [2020-11-17 17:19:22] 11 (chain: 1): Tail Effective Samples Size (ESS) is too low, indicating posterior variances and tail quantiles may be unreliable.
Running the chains for more iterations may help. See
http://mc-stan.org/misc/warnings.html#tail-ess - 
WARN [2020-11-17 17:19:52] 9 (chain: 1): Bulk Effective Samples Size (ESS) is too low, indicating posterior means and medians may be unreliable.
Running the chains for more iterations may help. See
http://mc-stan.org/misc/warnings.html#bulk-ess - 
WARN [2020-11-17 17:19:54] 9 (chain: 1): Tail Effective Samples Size (ESS) is too low, indicating posterior variances and tail quantiles may be unreliable.
Running the chains for more iterations may help. See
http://mc-stan.org/misc/warnings.html#tail-ess - 
INFO [2020-11-17 17:20:01] Initialising estimates for: 9
INFO [2020-11-17 17:20:01] Initialising estimates for: 11
WARN [2020-11-17 17:21:20] 11 (chain: 1): There were 85 divergent transitions after warmup. See
http://mc-stan.org/misc/warnings.html#divergent-transitions-after-warmup
to find out why this is a problem and how to eliminate them. - 
WARN [2020-11-17 17:21:20] 11 (chain: 1): Examine the pairs() plot to diagnose sampling problems
 - 
WARN [2020-11-17 17:21:21] 11 (chain: 1): The largest R-hat is 1.09, indicating chains have not mixed.
Running the chains for more iterations may help. See
http://mc-stan.org/misc/warnings.html#r-hat - 
WARN [2020-11-17 17:21:22] 11 (chain: 1): Bulk Effective Samples Size (ESS) is too low, indicating posterior means and medians may be unreliable.
Running the chains for more iterations may help. See
http://mc-stan.org/misc/warnings.html#bulk-ess - 
WARN [2020-11-17 17:21:24] 11 (chain: 1): Tail Effective Samples Size (ESS) is too low, indicating posterior variances and tail quantiles may be unreliable.
Running the chains for more iterations may help. See
http://mc-stan.org/misc/warnings.html#tail-ess - 
WARN [2020-11-17 17:21:31] 9 (chain: 1): Bulk Effective Samples Size (ESS) is too low, indicating posterior means and medians may be unreliable.
Running the chains for more iterations may help. See
http://mc-stan.org/misc/warnings.html#bulk-ess - 
WARN [2020-11-17 17:21:33] 9 (chain: 1): Tail Effective Samples Size (ESS) is too low, indicating posterior variances and tail quantiles may be unreliable.
Running the chains for more iterations may help. See
http://mc-stan.org/misc/warnings.html#tail-ess - 
